2021-02-05 22:58:51,284 CRIT Supervisor is running as root.  Privileges were not dropped because no user is specified in the config file.  If you intend to run as root, you can set user=root in the config file to avoid this message.
2021-02-05 22:58:51,302 INFO RPC interface 'supervisor' initialized
2021-02-05 22:58:51,303 CRIT Server 'unix_http_server' running without any HTTP authentication checking
2021-02-05 22:58:51,304 INFO supervisord started with pid 1
2021-02-05 22:58:52,307 INFO spawned: 'nginx' with pid 14
2021-02-05 22:58:52,311 INFO spawned: 'php5-fpm' with pid 15
2021-02-05 22:58:53,564 INFO success: php5-fpm entered RUNNING state, process has stayed up for > than 1 seconds (startsecs)
2021-02-05 22:58:57,571 INFO success: nginx entered RUNNING state, process has stayed up for > than 5 seconds (startsecs)
2021-02-08 11:21:45,879 INFO reaped unknown pid 803 (terminated by SIGINT)
2021-02-08 16:52:12,267 INFO reaped unknown pid 907 (terminated by SIGINT)
2021-02-08 17:05:42,113 INFO reaped unknown pid 966 (terminated by SIGINT)
2021-02-08 19:40:17,084 INFO reaped unknown pid 999 (terminated by SIGINT)
2021-02-08 22:56:43,804 WARN received SIGQUIT indicating exit request
2021-02-08 22:56:44,344 INFO waiting for nginx, php5-fpm to die
2021-02-08 22:56:46,535 INFO stopped: nginx (exit status 0)
2021-02-08 22:56:46,641 INFO stopped: php5-fpm (exit status 0)
2021-02-10 17:02:58,317 CRIT Supervisor is running as root.  Privileges were not dropped because no user is specified in the config file.  If you intend to run as root, you can set user=root in the config file to avoid this message.
2021-02-10 17:02:58,346 INFO RPC interface 'supervisor' initialized
2021-02-10 17:02:58,347 CRIT Server 'unix_http_server' running without any HTTP authentication checking
2021-02-10 17:02:58,347 INFO supervisord started with pid 1
2021-02-10 17:02:59,350 INFO spawned: 'nginx' with pid 25
2021-02-10 17:02:59,352 INFO spawned: 'php5-fpm' with pid 26
2021-02-10 17:03:00,623 INFO success: php5-fpm entered RUNNING state, process has stayed up for > than 1 seconds (startsecs)
2021-02-10 17:03:04,629 INFO success: nginx entered RUNNING state, process has stayed up for > than 5 seconds (startsecs)
2021-02-10 17:05:57,176 INFO reaped unknown pid 64 (terminated by SIGINT)
2021-02-11 11:29:19,997 CRIT Supervisor is running as root.  Privileges were not dropped because no user is specified in the config file.  If you intend to run as root, you can set user=root in the config file to avoid this message.
2021-02-11 11:29:20,310 INFO RPC interface 'supervisor' initialized
2021-02-11 11:29:20,310 CRIT Server 'unix_http_server' running without any HTTP authentication checking
2021-02-11 11:29:20,311 INFO supervisord started with pid 1
2021-02-11 11:29:21,315 INFO spawned: 'nginx' with pid 33
2021-02-11 11:29:21,317 INFO spawned: 'php5-fpm' with pid 34
2021-02-11 11:29:22,461 INFO success: php5-fpm entered RUNNING state, process has stayed up for > than 1 seconds (startsecs)
2021-02-11 11:29:26,467 INFO success: nginx entered RUNNING state, process has stayed up for > than 5 seconds (startsecs)
2021-02-11 11:47:55,983 INFO reaped unknown pid 72 (terminated by SIGINT)
2021-02-11 14:16:19,095 INFO reaped unknown pid 107 (terminated by SIGINT)
2021-02-12 15:07:22,882 CRIT Supervisor is running as root.  Privileges were not dropped because no user is specified in the config file.  If you intend to run as root, you can set user=root in the config file to avoid this message.
2021-02-12 15:07:23,365 INFO RPC interface 'supervisor' initialized
2021-02-12 15:07:23,366 CRIT Server 'unix_http_server' running without any HTTP authentication checking
2021-02-12 15:07:23,366 INFO supervisord started with pid 1
2021-02-12 15:07:24,369 INFO spawned: 'nginx' with pid 33
2021-02-12 15:07:24,371 INFO spawned: 'php5-fpm' with pid 34
2021-02-12 15:07:25,648 INFO success: php5-fpm entered RUNNING state, process has stayed up for > than 1 seconds (startsecs)
2021-02-12 15:07:29,653 INFO success: nginx entered RUNNING state, process has stayed up for > than 5 seconds (startsecs)
2021-02-12 16:09:31,274 CRIT Supervisor is running as root.  Privileges were not dropped because no user is specified in the config file.  If you intend to run as root, you can set user=root in the config file to avoid this message.
2021-02-12 16:09:31,586 INFO RPC interface 'supervisor' initialized
2021-02-12 16:09:31,587 CRIT Server 'unix_http_server' running without any HTTP authentication checking
2021-02-12 16:09:31,587 INFO supervisord started with pid 1
2021-02-12 16:09:32,589 INFO spawned: 'nginx' with pid 33
2021-02-12 16:09:32,590 INFO spawned: 'php5-fpm' with pid 34
2021-02-12 16:09:33,923 INFO success: php5-fpm entered RUNNING state, process has stayed up for > than 1 seconds (startsecs)
2021-02-12 16:09:37,929 INFO success: nginx entered RUNNING state, process has stayed up for > than 5 seconds (startsecs)
2021-02-12 16:32:42,601 INFO reaped unknown pid 71 (terminated by SIGINT)
2021-02-12 16:35:53,233 INFO reaped unknown pid 105 (terminated by SIGINT)
2021-02-12 16:36:54,863 INFO reaped unknown pid 138 (terminated by SIGINT)
2021-02-12 17:31:02,905 INFO reaped unknown pid 171 (terminated by SIGINT)
